1
processed  1000
processed  2000
processed  3000
processed  4000
processed  5000
processed  6000
processed  7000
processed  8000
processed  9000
processed  10000
processed  11000
Traceback (most recent call last):
  File "read_wet.py", line 35, in <module>
    db.wet_data_median.insert_one(mongo_record)
  File "/usr/lib64/python2.7/site-packages/pymongo/collection.py", line 575, in insert_one
    ids = self.insert(document)
  File "/usr/lib64/python2.7/site-packages/pymongo/collection.py", line 540, in insert
    gen(), check_keys, self.uuid_subtype, client)
  File "/usr/lib64/python2.7/site-packages/pymongo/mongo_client.py", line 1271, in _send_message
    sock_info)
  File "/usr/lib64/python2.7/site-packages/pymongo/mongo_client.py", line 1306, in __receive_message_on_socket
    header = self.__receive_data_on_socket(16, sock_info)
  File "/usr/lib64/python2.7/site-packages/pymongo/mongo_client.py", line 1294, in __receive_data_on_socket
    chunk = sock_info.sock.recv(length)
KeyboardInterrupt
1
processed  1000
processed  2000
processed  3000
processed  4000
processed  5000
processed  6000
processed  7000
processed  8000
Traceback (most recent call last):
  File "read_wet.py", line 24, in <module>
    mongo_record = dict()
KeyboardInterrupt
Traceback (most recent call last):
  File "read_wet.py", line 7, in <module>
    db.drop('wet_data_median')
  File "/usr/lib64/python2.7/site-packages/pymongo/collection.py", line 2408, in __call__
    self.__name)
TypeError: 'Collection' object is not callable. If you meant to call the 'drop' method on a 'Database' object it is failing because no such method exists.
1
processed  1000
processed  2000
processed  3000
processed  4000
processed  5000
processed  6000
processed  7000
processed  8000
processed  9000
processed  10000
processed  11000
processed  12000
processed  13000
processed  14000
processed  15000
processed  16000
processed  17000
processed  18000
processed  19000
processed  20000
processed  21000
processed  22000
processed  23000
processed  24000
processed  25000
processed  26000
processed  27000
processed  28000
processed  29000
processed  30000
processed  31000
processed  32000
processed  33000
processed  34000
processed  35000
processed  36000
processed  37000
processed  38000
processed  39000
processed  40000
processed  41000
processed  42000
processed  43000
processed  44000
processed  45000
processed  46000
processed  47000
processed  48000
processed  49000
processed  50000
processed  51000
2
processed  52000
processed  53000
processed  54000
processed  55000
processed  56000
processed  57000
processed  58000
processed  59000
processed  60000
processed  61000
processed  62000
processed  63000
processed  64000
processed  65000
processed  66000
processed  67000
processed  68000
processed  69000
processed  70000
processed  71000
processed  72000
processed  73000
processed  74000
processed  75000
processed  76000
processed  77000
processed  78000
processed  79000
processed  80000
processed  81000
processed  82000
processed  83000
processed  84000
processed  85000
processed  86000
processed  87000
processed  88000
processed  89000
processed  90000
processed  91000
processed  92000
processed  93000
processed  94000
processed  95000
processed  96000
processed  97000
processed  98000
processed  99000
processed  100000
processed  101000
processed  102000
3
processed  103000
processed  104000
processed  105000
processed  106000
processed  107000
processed  108000
processed  109000
processed  110000
processed  111000
processed  112000
processed  113000
processed  114000
processed  115000
processed  116000
processed  117000
processed  118000
processed  119000
processed  120000
processed  121000
processed  122000
processed  123000
processed  124000
processed  125000
processed  126000
processed  127000
processed  128000
processed  129000
processed  130000
processed  131000
processed  132000
processed  133000
processed  134000
processed  135000
processed  136000
processed  137000
processed  138000
processed  139000
processed  140000
processed  141000
processed  142000
processed  143000
processed  144000
processed  145000
processed  146000
processed  147000
processed  148000
processed  149000
processed  150000
processed  151000
processed  152000
processed  153000
4
processed  154000
processed  155000
processed  156000
processed  157000
processed  158000
processed  159000
processed  160000
processed  161000
processed  162000
processed  163000
processed  164000
processed  165000
processed  166000
processed  167000
processed  168000
processed  169000
processed  170000
processed  171000
processed  172000
processed  173000
processed  174000
processed  175000
processed  176000
processed  177000
processed  178000
processed  179000
processed  180000
processed  181000
processed  182000
processed  183000
processed  184000
processed  185000
processed  186000
processed  187000
processed  188000
processed  189000
processed  190000
processed  191000
processed  192000
processed  193000
processed  194000
processed  195000
processed  196000
processed  197000
processed  198000
processed  199000
processed  200000
processed  201000
processed  202000
processed  203000
processed  204000
5
processed  205000
processed  206000
processed  207000
processed  208000
processed  209000
processed  210000
processed  211000
processed  212000
processed  213000
processed  214000
processed  215000
processed  216000
processed  217000
processed  218000
processed  219000
processed  220000
processed  221000
processed  222000
processed  223000
processed  224000
processed  225000
processed  226000
processed  227000
processed  228000
processed  229000
processed  230000
processed  231000
processed  232000
processed  233000
processed  234000
processed  235000
processed  236000
processed  237000
processed  238000
processed  239000
processed  240000
processed  241000
processed  242000
processed  243000
processed  244000
processed  245000
processed  246000
processed  247000
processed  248000
processed  249000
processed  250000
processed  251000
processed  252000
processed  253000
processed  254000
processed  255000
6
processed  256000
processed  257000
processed  258000
processed  259000
processed  260000
processed  261000
processed  262000
processed  263000
processed  264000
processed  265000
processed  266000
processed  267000
processed  268000
processed  269000
processed  270000
processed  271000
processed  272000
processed  273000
processed  274000
processed  275000
processed  276000
processed  277000
processed  278000
processed  279000
processed  280000
processed  281000
processed  282000
processed  283000
processed  284000
processed  285000
processed  286000
processed  287000
processed  288000
processed  289000
processed  290000
processed  291000
processed  292000
processed  293000
processed  294000
processed  295000
processed  296000
processed  297000
processed  298000
processed  299000
processed  300000
processed  301000
processed  302000
processed  303000
processed  304000
processed  305000
processed  306000
processed  307000
7
processed  308000
processed  309000
processed  310000
processed  311000
processed  312000
processed  313000
processed  314000
processed  315000
processed  316000
processed  317000
processed  318000
processed  319000
processed  320000
processed  321000
processed  322000
processed  323000
processed  324000
processed  325000
processed  326000
processed  327000
processed  328000
processed  329000
processed  330000
processed  331000
processed  332000
processed  333000
processed  334000
processed  335000
processed  336000
processed  337000
processed  338000
processed  339000
processed  340000
processed  341000
processed  342000
processed  343000
processed  344000
processed  345000
processed  346000
processed  347000
processed  348000
processed  349000
processed  350000
processed  351000
processed  352000
processed  353000
processed  354000
processed  355000
processed  356000
processed  357000
8
processed  358000
processed  359000
processed  360000
processed  361000
processed  362000
processed  363000
processed  364000
processed  365000
processed  366000
processed  367000
processed  368000
processed  369000
processed  370000
processed  371000
processed  372000
processed  373000
processed  374000
processed  375000
processed  376000
processed  377000
processed  378000
processed  379000
processed  380000
processed  381000
processed  382000
processed  383000
processed  384000
processed  385000
processed  386000
processed  387000
processed  388000
processed  389000
processed  390000
processed  391000
processed  392000
processed  393000
processed  394000
processed  395000
processed  396000
processed  397000
processed  398000
processed  399000
processed  400000
processed  401000
processed  402000
processed  403000
processed  404000
processed  405000
processed  406000
processed  407000
processed  408000
processed  409000
9
processed  410000
processed  411000
processed  412000
processed  413000
processed  414000
processed  415000
processed  416000
processed  417000
processed  418000
processed  419000
processed  420000
processed  421000
processed  422000
processed  423000
processed  424000
processed  425000
processed  426000
processed  427000
processed  428000
processed  429000
processed  430000
processed  431000
processed  432000
processed  433000
processed  434000
processed  435000
processed  436000
processed  437000
processed  438000
processed  439000
processed  440000
processed  441000
processed  442000
processed  443000
processed  444000
processed  445000
processed  446000
processed  447000
processed  448000
processed  449000
processed  450000
processed  451000
processed  452000
processed  453000
processed  454000
processed  455000
processed  456000
processed  457000
processed  458000
processed  459000
processed  460000
10
processed  461000
processed  462000
processed  463000
processed  464000
processed  465000
processed  466000
processed  467000
processed  468000
processed  469000
processed  470000
processed  471000
processed  472000
processed  473000
processed  474000
processed  475000
processed  476000
processed  477000
processed  478000
processed  479000
processed  480000
processed  481000
processed  482000
processed  483000
processed  484000
processed  485000
processed  486000
processed  487000
processed  488000
processed  489000
processed  490000
processed  491000
processed  492000
processed  493000
processed  494000
processed  495000
processed  496000
processed  497000
processed  498000
processed  499000
processed  500000
processed  501000
processed  502000
processed  503000
processed  504000
processed  505000
processed  506000
processed  507000
processed  508000
processed  509000
processed  510000
processed  511000
11
processed  512000
processed  513000
processed  514000
processed  515000
processed  516000
processed  517000
processed  518000
processed  519000
processed  520000
processed  521000
processed  522000
processed  523000
processed  524000
processed  525000
processed  526000
processed  527000
processed  528000
processed  529000
processed  530000
processed  531000
processed  532000
processed  533000
processed  534000
processed  535000
processed  536000
processed  537000
processed  538000
processed  539000
processed  540000
processed  541000
processed  542000
processed  543000
processed  544000
processed  545000
processed  546000
processed  547000
processed  548000
processed  549000
processed  550000
processed  551000
processed  552000
processed  553000
processed  554000
processed  555000
processed  556000
processed  557000
processed  558000
processed  559000
processed  560000
processed  561000
processed  562000
12
processed  563000
processed  564000
processed  565000
processed  566000
processed  567000
processed  568000
processed  569000
processed  570000
processed  571000
processed  572000
processed  573000
processed  574000
processed  575000
processed  576000
processed  577000
processed  578000
processed  579000
processed  580000
processed  581000
processed  582000
processed  583000
processed  584000
processed  585000
processed  586000
processed  587000
processed  588000
processed  589000
processed  590000
processed  591000
processed  592000
processed  593000
processed  594000
processed  595000
processed  596000
processed  597000
processed  598000
processed  599000
processed  600000
processed  601000
processed  602000
processed  603000
processed  604000
processed  605000
processed  606000
processed  607000
processed  608000
processed  609000
processed  610000
processed  611000
processed  612000
processed  613000
13
processed  614000
processed  615000
processed  616000
processed  617000
processed  618000
processed  619000
processed  620000
processed  621000
processed  622000
processed  623000
processed  624000
processed  625000
processed  626000
processed  627000
processed  628000
processed  629000
processed  630000
processed  631000
processed  632000
processed  633000
processed  634000
processed  635000
processed  636000
processed  637000
processed  638000
processed  639000
processed  640000
processed  641000
processed  642000
processed  643000
processed  644000
processed  645000
processed  646000
processed  647000
processed  648000
processed  649000
processed  650000
processed  651000
processed  652000
processed  653000
processed  654000
processed  655000
processed  656000
processed  657000
processed  658000
processed  659000
processed  660000
processed  661000
processed  662000
processed  663000
processed  664000
processed  665000
14
processed  666000
processed  667000
processed  668000
processed  669000
processed  670000
processed  671000
processed  672000
processed  673000
processed  674000
processed  675000
processed  676000
processed  677000
processed  678000
processed  679000
processed  680000
processed  681000
processed  682000
processed  683000
processed  684000
processed  685000
processed  686000
processed  687000
processed  688000
processed  689000
processed  690000
processed  691000
processed  692000
processed  693000
processed  694000
processed  695000
processed  696000
processed  697000
processed  698000
processed  699000
processed  700000
processed  701000
processed  702000
processed  703000
processed  704000
processed  705000
processed  706000
processed  707000
processed  708000
processed  709000
processed  710000
processed  711000
processed  712000
processed  713000
processed  714000
processed  715000
processed  716000
15
processed  717000
processed  718000
processed  719000
processed  720000
processed  721000
processed  722000
processed  723000
processed  724000
processed  725000
processed  726000
processed  727000
processed  728000
processed  729000
processed  730000
processed  731000
processed  732000
processed  733000
processed  734000
processed  735000
processed  736000
processed  737000
processed  738000
processed  739000
processed  740000
processed  741000
processed  742000
processed  743000
processed  744000
processed  745000
processed  746000
processed  747000
processed  748000
processed  749000
processed  750000
processed  751000
processed  752000
processed  753000
processed  754000
processed  755000
processed  756000
processed  757000
processed  758000
processed  759000
processed  760000
processed  761000
processed  762000
processed  763000
processed  764000
processed  765000
processed  766000
processed  767000
16
processed  768000
processed  769000
processed  770000
processed  771000
processed  772000
processed  773000
processed  774000
processed  775000
processed  776000
processed  777000
processed  778000
processed  779000
processed  780000
processed  781000
processed  782000
processed  783000
processed  784000
processed  785000
processed  786000
processed  787000
processed  788000
processed  789000
processed  790000
processed  791000
processed  792000
processed  793000
processed  794000
processed  795000
processed  796000
processed  797000
processed  798000
processed  799000
processed  800000
processed  801000
processed  802000
processed  803000
processed  804000
processed  805000
processed  806000
processed  807000
processed  808000
processed  809000
processed  810000
processed  811000
processed  812000
processed  813000
processed  814000
processed  815000
processed  816000
processed  817000
processed  818000
17
processed  819000
processed  820000
processed  821000
processed  822000
processed  823000
processed  824000
processed  825000
processed  826000
processed  827000
processed  828000
processed  829000
processed  830000
processed  831000
processed  832000
processed  833000
processed  834000
processed  835000
processed  836000
processed  837000
processed  838000
processed  839000
processed  840000
processed  841000
processed  842000
processed  843000
processed  844000
processed  845000
processed  846000
processed  847000
processed  848000
processed  849000
processed  850000
processed  851000
processed  852000
processed  853000
processed  854000
processed  855000
processed  856000
processed  857000
processed  858000
processed  859000
processed  860000
processed  861000
processed  862000
processed  863000
processed  864000
processed  865000
processed  866000
processed  867000
processed  868000
processed  869000
processed  870000
18
processed  871000
processed  872000
processed  873000
processed  874000
processed  875000
processed  876000
processed  877000
processed  878000
processed  879000
processed  880000
processed  881000
processed  882000
processed  883000
processed  884000
processed  885000
processed  886000
processed  887000
processed  888000
processed  889000
processed  890000
processed  891000
processed  892000
processed  893000
processed  894000
processed  895000
processed  896000
processed  897000
processed  898000
processed  899000
processed  900000
processed  901000
processed  902000
processed  903000
processed  904000
processed  905000
processed  906000
processed  907000
processed  908000
processed  909000
processed  910000
processed  911000
processed  912000
processed  913000
processed  914000
processed  915000
processed  916000
processed  917000
processed  918000
processed  919000
processed  920000
processed  921000
19
processed  922000
processed  923000
processed  924000
processed  925000
processed  926000
processed  927000
processed  928000
processed  929000
processed  930000
processed  931000
processed  932000
processed  933000
processed  934000
processed  935000
processed  936000
processed  937000
processed  938000
processed  939000
processed  940000
processed  941000
processed  942000
processed  943000
processed  944000
processed  945000
processed  946000
processed  947000
processed  948000
processed  949000
processed  950000
processed  951000
processed  952000
processed  953000
processed  954000
processed  955000
processed  956000
processed  957000
processed  958000
processed  959000
processed  960000
processed  961000
processed  962000
processed  963000
processed  964000
processed  965000
processed  966000
processed  967000
processed  968000
processed  969000
processed  970000
processed  971000
processed  972000
20
processed  973000
processed  974000
processed  975000
processed  976000
processed  977000
processed  978000
processed  979000
processed  980000
processed  981000
processed  982000
processed  983000
processed  984000
processed  985000
processed  986000
processed  987000
processed  988000
processed  989000
processed  990000
processed  991000
processed  992000
processed  993000
processed  994000
processed  995000
processed  996000
processed  997000
processed  998000
processed  999000
processed  1000000
processed  1001000
processed  1002000
processed  1003000
processed  1004000
processed  1005000
processed  1006000
processed  1007000
processed  1008000
processed  1009000
processed  1010000
processed  1011000
processed  1012000
processed  1013000
processed  1014000
processed  1015000
processed  1016000
processed  1017000
processed  1018000
processed  1019000
processed  1020000
processed  1021000
processed  1022000
processed  1023000
21
processed  1024000
processed  1025000
processed  1026000
processed  1027000
processed  1028000
processed  1029000
processed  1030000
processed  1031000
processed  1032000
processed  1033000
processed  1034000
processed  1035000
processed  1036000
processed  1037000
processed  1038000
processed  1039000
processed  1040000
processed  1041000
processed  1042000
processed  1043000
processed  1044000
processed  1045000
processed  1046000
processed  1047000
processed  1048000
processed  1049000
processed  1050000
processed  1051000
processed  1052000
processed  1053000
processed  1054000
processed  1055000
processed  1056000
processed  1057000
processed  1058000
processed  1059000
processed  1060000
processed  1061000
processed  1062000
processed  1063000
processed  1064000
processed  1065000
processed  1066000
processed  1067000
processed  1068000
processed  1069000
processed  1070000
processed  1071000
processed  1072000
processed  1073000
processed  1074000
22
processed  1075000
processed  1076000
processed  1077000
processed  1078000
processed  1079000
processed  1080000
processed  1081000
processed  1082000
processed  1083000
processed  1084000
processed  1085000
processed  1086000
processed  1087000
processed  1088000
processed  1089000
processed  1090000
processed  1091000
processed  1092000
processed  1093000
processed  1094000
processed  1095000
processed  1096000
processed  1097000
processed  1098000
processed  1099000
processed  1100000
processed  1101000
processed  1102000
processed  1103000
processed  1104000
processed  1105000
processed  1106000
processed  1107000
processed  1108000
processed  1109000
processed  1110000
processed  1111000
processed  1112000
processed  1113000
processed  1114000
processed  1115000
processed  1116000
processed  1117000
processed  1118000
processed  1119000
processed  1120000
processed  1121000
processed  1122000
processed  1123000
processed  1124000
processed  1125000
processed  1126000
23
processed  1127000
processed  1128000
processed  1129000
processed  1130000
processed  1131000
processed  1132000
processed  1133000
processed  1134000
processed  1135000
processed  1136000
processed  1137000
processed  1138000
processed  1139000
processed  1140000
processed  1141000
processed  1142000
processed  1143000
processed  1144000
processed  1145000
processed  1146000
processed  1147000
processed  1148000
processed  1149000
processed  1150000
processed  1151000
processed  1152000
processed  1153000
processed  1154000
processed  1155000
processed  1156000
processed  1157000
processed  1158000
processed  1159000
processed  1160000
processed  1161000
processed  1162000
processed  1163000
processed  1164000
processed  1165000
processed  1166000
processed  1167000
processed  1168000
processed  1169000
processed  1170000
processed  1171000
processed  1172000
processed  1173000
processed  1174000
processed  1175000
processed  1176000
processed  1177000
24
processed  1178000
processed  1179000
processed  1180000
processed  1181000
processed  1182000
processed  1183000
processed  1184000
processed  1185000
processed  1186000
processed  1187000
processed  1188000
processed  1189000
processed  1190000
processed  1191000
processed  1192000
processed  1193000
processed  1194000
processed  1195000
processed  1196000
processed  1197000
processed  1198000
processed  1199000
processed  1200000
processed  1201000
processed  1202000
processed  1203000
processed  1204000
processed  1205000
processed  1206000
processed  1207000
processed  1208000
processed  1209000
processed  1210000
processed  1211000
processed  1212000
processed  1213000
processed  1214000
processed  1215000
processed  1216000
processed  1217000
processed  1218000
processed  1219000
processed  1220000
processed  1221000
processed  1222000
processed  1223000
processed  1224000
processed  1225000
processed  1226000
processed  1227000
processed  1228000
25
processed  1229000
processed  1230000
processed  1231000
processed  1232000
processed  1233000
processed  1234000
processed  1235000
processed  1236000
processed  1237000
processed  1238000
processed  1239000
processed  1240000
processed  1241000
processed  1242000
processed  1243000
processed  1244000
processed  1245000
processed  1246000
processed  1247000
processed  1248000
processed  1249000
processed  1250000
processed  1251000
processed  1252000
processed  1253000
processed  1254000
processed  1255000
processed  1256000
processed  1257000
processed  1258000
processed  1259000
processed  1260000
processed  1261000
processed  1262000
processed  1263000
processed  1264000
processed  1265000
processed  1266000
processed  1267000
processed  1268000
processed  1269000
processed  1270000
processed  1271000
processed  1272000
processed  1273000
processed  1274000
processed  1275000
processed  1276000
processed  1277000
processed  1278000
processed  1279000
processed  1280000
26
processed  1281000
processed  1282000
processed  1283000
processed  1284000
processed  1285000
processed  1286000
processed  1287000
processed  1288000
processed  1289000
processed  1290000
processed  1291000
processed  1292000
processed  1293000
processed  1294000
processed  1295000
processed  1296000
processed  1297000
processed  1298000
processed  1299000
processed  1300000
processed  1301000
processed  1302000
processed  1303000
processed  1304000
processed  1305000
processed  1306000
processed  1307000
processed  1308000
processed  1309000
processed  1310000
processed  1311000
processed  1312000
processed  1313000
processed  1314000
processed  1315000
processed  1316000
processed  1317000
processed  1318000
processed  1319000
processed  1320000
processed  1321000
processed  1322000
processed  1323000
processed  1324000
processed  1325000
processed  1326000
processed  1327000
processed  1328000
processed  1329000
processed  1330000
processed  1331000
27
processed  1332000
processed  1333000
processed  1334000
processed  1335000
processed  1336000
processed  1337000
processed  1338000
processed  1339000
processed  1340000
processed  1341000
processed  1342000
processed  1343000
processed  1344000
processed  1345000
processed  1346000
processed  1347000
processed  1348000
processed  1349000
processed  1350000
processed  1351000
processed  1352000
processed  1353000
processed  1354000
processed  1355000
processed  1356000
processed  1357000
processed  1358000
processed  1359000
processed  1360000
processed  1361000
processed  1362000
processed  1363000
processed  1364000
processed  1365000
processed  1366000
processed  1367000
processed  1368000
processed  1369000
processed  1370000
processed  1371000
processed  1372000
processed  1373000
processed  1374000
processed  1375000
processed  1376000
processed  1377000
processed  1378000
processed  1379000
processed  1380000
processed  1381000
processed  1382000
28
processed  1383000
processed  1384000
processed  1385000
processed  1386000
processed  1387000
processed  1388000
processed  1389000
processed  1390000
processed  1391000
processed  1392000
processed  1393000
processed  1394000
processed  1395000
processed  1396000
processed  1397000
processed  1398000
processed  1399000
processed  1400000
processed  1401000
processed  1402000
processed  1403000
processed  1404000
processed  1405000
processed  1406000
processed  1407000
processed  1408000
processed  1409000
processed  1410000
processed  1411000
processed  1412000
processed  1413000
processed  1414000
processed  1415000
processed  1416000
processed  1417000
processed  1418000
processed  1419000
processed  1420000
processed  1421000
processed  1422000
processed  1423000
processed  1424000
processed  1425000
processed  1426000
processed  1427000
processed  1428000
processed  1429000
processed  1430000
processed  1431000
processed  1432000
processed  1433000
29
processed  1434000
processed  1435000
processed  1436000
processed  1437000
processed  1438000
processed  1439000
processed  1440000
processed  1441000
processed  1442000
processed  1443000
processed  1444000
processed  1445000
processed  1446000
processed  1447000
processed  1448000
processed  1449000
processed  1450000
processed  1451000
processed  1452000
processed  1453000
processed  1454000
processed  1455000
processed  1456000
processed  1457000
processed  1458000
processed  1459000
processed  1460000
processed  1461000
processed  1462000
processed  1463000
processed  1464000
processed  1465000
processed  1466000
processed  1467000
processed  1468000
processed  1469000
processed  1470000
processed  1471000
processed  1472000
processed  1473000
processed  1474000
processed  1475000
processed  1476000
processed  1477000
processed  1478000
processed  1479000
processed  1480000
processed  1481000
processed  1482000
processed  1483000
processed  1484000
processed  1485000
30
processed  1486000
processed  1487000
processed  1488000
processed  1489000
processed  1490000
processed  1491000
processed  1492000
processed  1493000
processed  1494000
processed  1495000
processed  1496000
processed  1497000
processed  1498000
processed  1499000
processed  1500000
processed  1501000
processed  1502000
processed  1503000
processed  1504000
processed  1505000
processed  1506000
processed  1507000
processed  1508000
processed  1509000
processed  1510000
processed  1511000
processed  1512000
processed  1513000
processed  1514000
processed  1515000
processed  1516000
processed  1517000
processed  1518000
processed  1519000
processed  1520000
processed  1521000
processed  1522000
processed  1523000
processed  1524000
processed  1525000
processed  1526000
processed  1527000
processed  1528000
processed  1529000
processed  1530000
processed  1531000
processed  1532000
processed  1533000
processed  1534000
processed  1535000
processed  1536000
31
